# JRE version: OpenJDK Runtime Environment (8.0_76-b03) (build 1.8.0_76-release-b03)
# Java VM: OpenJDK 64-Bit Server VM (25.76-b03 mixed mode windows-amd64 compressed oops)
Heap:
 PSYoungGen      total 269312K, used 38726K [0x00000000e0000000, 0x00000000f5280000, 0x0000000100000000)
  eden space 244736K, 9% used [0x00000000e0000000,0x00000000e17529e8,0x00000000eef00000)
  from space 24576K, 60% used [0x00000000eef00000,0x00000000efd7ee30,0x00000000f0700000)
  to   space 25088K, 0% used [0x00000000f3a00000,0x00000000f3a00000,0x00000000f5280000)
 ParOldGen       total 113664K, used 34602K [0x00000000a0000000, 0x00000000a6f00000, 0x00000000e0000000)
  object space 113664K, 30% used [0x00000000a0000000,0x00000000a21cab68,0x00000000a6f00000)
 Metaspace       used 60845K, capacity 62764K, committed 62848K, reserved 1103872K
  class space    used 7713K, capacity 8062K, committed 8064K, reserved 1048576K
GC Heap History (10 events):
Event: 941.558 GC heap before
{Heap before GC invocations=21 (full 4):
 PSYoungGen      total 264192K, used 180407K [0x00000000e0000000, 0x00000000f2000000, 0x0000000100000000)
  eden space 244736K, 73% used [0x00000000e0000000,0x00000000eb02ddd0,0x00000000eef00000)
  from space 19456K, 0% used [0x00000000f0d00000,0x00000000f0d00000,0x00000000f2000000)
  to   space 25088K, 0% used [0x00000000eef00000,0x00000000eef00000,0x00000000f0780000)
 ParOldGen       total 113664K, used 34451K [0x00000000a0000000, 0x00000000a6f00000, 0x00000000e0000000)
  object space 113664K, 30% used [0x00000000a0000000,0x00000000a21a4da0,0x00000000a6f00000)
 Metaspace       used 59861K, capacity 61500K, committed 61824K, reserved 1103872K
  class space    used 7667K, capacity 7994K, committed 8064K, reserved 1048576K
Event: 941.581 GC heap after
Heap after GC invocations=21 (full 4):
 PSYoungGen      total 269824K, used 4080K [0x00000000e0000000, 0x00000000f2000000, 0x0000000100000000)
  eden space 244736K, 0% used [0x00000000e0000000,0x00000000e0000000,0x00000000eef00000)
  from space 25088K, 16% used [0x00000000eef00000,0x00000000ef2fc030,0x00000000f0780000)
  to   space 25088K, 0% used [0x00000000f0780000,0x00000000f0780000,0x00000000f2000000)
 ParOldGen       total 113664K, used 34459K [0x00000000a0000000, 0x00000000a6f00000, 0x00000000e0000000)
  object space 113664K, 30% used [0x00000000a0000000,0x00000000a21a6da0,0x00000000a6f00000)
 Metaspace       used 59861K, capacity 61500K, committed 61824K, reserved 1103872K
  class space    used 7667K, capacity 7994K, committed 8064K, reserved 1048576K
}
Event: 941.581 GC heap before
{Heap before GC invocations=22 (full 5):
 PSYoungGen      total 269824K, used 4080K [0x00000000e0000000, 0x00000000f2000000, 0x0000000100000000)
  eden space 244736K, 0% used [0x00000000e0000000,0x00000000e0000000,0x00000000eef00000)
  from space 25088K, 16% used [0x00000000eef00000,0x00000000ef2fc030,0x00000000f0780000)
  to   space 25088K, 0% used [0x00000000f0780000,0x00000000f0780000,0x00000000f2000000)
 ParOldGen       total 113664K, used 34459K [0x00000000a0000000, 0x00000000a6f00000, 0x00000000e0000000)
  object space 113664K, 30% used [0x00000000a0000000,0x00000000a21a6da0,0x00000000a6f00000)
 Metaspace       used 59861K, capacity 61500K, committed 61824K, reserved 1103872K
  class space    used 7667K, capacity 7994K, committed 8064K, reserved 1048576K
Event: 942.270 GC heap after
Heap after GC invocations=22 (full 5):
 PSYoungGen      total 269824K, used 0K [0x00000000e0000000, 0x00000000f2000000, 0x0000000100000000)
  eden space 244736K, 0% used [0x00000000e0000000,0x00000000e0000000,0x00000000eef00000)
  from space 25088K, 0% used [0x00000000eef00000,0x00000000eef00000,0x00000000f0780000)
  to   space 25088K, 0% used [0x00000000f0780000,0x00000000f0780000,0x00000000f2000000)
 ParOldGen       total 113664K, used 34439K [0x00000000a0000000, 0x00000000a6f00000, 0x00000000e0000000)
  object space 113664K, 30% used [0x00000000a0000000,0x00000000a21a1d00,0x00000000a6f00000)
 Metaspace       used 59861K, capacity 61500K, committed 61824K, reserved 1103872K
  class space    used 7667K, capacity 7994K, committed 8064K, reserved 1048576K
}
Event: 1313.116 GC heap before
{Heap before GC invocations=23 (full 5):
 PSYoungGen      total 269824K, used 153221K [0x00000000e0000000, 0x00000000f2000000, 0x0000000100000000)
  eden space 244736K, 62% used [0x00000000e0000000,0x00000000e95a16f0,0x00000000eef00000)
  from space 25088K, 0% used [0x00000000eef00000,0x00000000eef00000,0x00000000f0780000)
  to   space 25088K, 0% used [0x00000000f0780000,0x00000000f0780000,0x00000000f2000000)
 ParOldGen       total 113664K, used 34439K [0x00000000a0000000, 0x00000000a6f00000, 0x00000000e0000000)
  object space 113664K, 30% used [0x00000000a0000000,0x00000000a21a1d00,0x00000000a6f00000)
 Metaspace       used 60331K, capacity 62090K, committed 62336K, reserved 1103872K
  class space    used 7691K, capacity 8031K, committed 8064K, reserved 1048576K
Event: 1313.127 GC heap after
Heap after GC invocations=23 (full 5):
 PSYoungGen      total 268800K, used 4032K [0x00000000e0000000, 0x00000000f1f00000, 0x0000000100000000)
  eden space 244736K, 0% used [0x00000000e0000000,0x00000000e0000000,0x00000000eef00000)
  from space 24064K, 16% used [0x00000000f0780000,0x00000000f0b70020,0x00000000f1f00000)
  to   space 24576K, 0% used [0x00000000eef00000,0x00000000eef00000,0x00000000f0700000)
 ParOldGen       total 113664K, used 34447K [0x00000000a0000000, 0x00000000a6f00000, 0x00000000e0000000)
  object space 113664K, 30% used [0x00000000a0000000,0x00000000a21a3d00,0x00000000a6f00000)
 Metaspace       used 60331K, capacity 62090K, committed 62336K, reserved 1103872K
  class space    used 7691K, capacity 8031K, committed 8064K, reserved 1048576K
}
Event: 1313.127 GC heap before
{Heap before GC invocations=24 (full 6):
 PSYoungGen      total 268800K, used 4032K [0x00000000e0000000, 0x00000000f1f00000, 0x0000000100000000)
  eden space 244736K, 0% used [0x00000000e0000000,0x00000000e0000000,0x00000000eef00000)
  from space 24064K, 16% used [0x00000000f0780000,0x00000000f0b70020,0x00000000f1f00000)
  to   space 24576K, 0% used [0x00000000eef00000,0x00000000eef00000,0x00000000f0700000)
 ParOldGen       total 113664K, used 34447K [0x00000000a0000000, 0x00000000a6f00000, 0x00000000e0000000)
  object space 113664K, 30% used [0x00000000a0000000,0x00000000a21a3d00,0x00000000a6f00000)
 Metaspace       used 60331K, capacity 62090K, committed 62336K, reserved 1103872K
  class space    used 7691K, capacity 8031K, committed 8064K, reserved 1048576K
Event: 1313.597 GC heap after
Heap after GC invocations=24 (full 6):
 PSYoungGen      total 268800K, used 0K [0x00000000e0000000, 0x00000000f1f00000, 0x0000000100000000)
  eden space 244736K, 0% used [0x00000000e0000000,0x00000000e0000000,0x00000000eef00000)
  from space 24064K, 0% used [0x00000000f0780000,0x00000000f0780000,0x00000000f1f00000)
  to   space 24576K, 0% used [0x00000000eef00000,0x00000000eef00000,0x00000000f0700000)
 ParOldGen       total 113664K, used 34594K [0x00000000a0000000, 0x00000000a6f00000, 0x00000000e0000000)
  object space 113664K, 30% used [0x00000000a0000000,0x00000000a21c8b68,0x00000000a6f00000)
 Metaspace       used 60331K, capacity 62090K, committed 62336K, reserved 1103872K
  class space    used 7691K, capacity 8031K, committed 8064K, reserved 1048576K
}
Event: 1340.188 GC heap before
{Heap before GC invocations=25 (full 6):
 PSYoungGen      total 268800K, used 244736K [0x00000000e0000000, 0x00000000f1f00000, 0x0000000100000000)
  eden space 244736K, 100% used [0x00000000e0000000,0x00000000eef00000,0x00000000eef00000)
  from space 24064K, 0% used [0x00000000f0780000,0x00000000f0780000,0x00000000f1f00000)
  to   space 24576K, 0% used [0x00000000eef00000,0x00000000eef00000,0x00000000f0700000)
 ParOldGen       total 113664K, used 34594K [0x00000000a0000000, 0x00000000a6f00000, 0x00000000e0000000)
  object space 113664K, 30% used [0x00000000a0000000,0x00000000a21c8b68,0x00000000a6f00000)
 Metaspace       used 60831K, capacity 62764K, committed 62848K, reserved 1103872K
  class space    used 7712K, capacity 8062K, committed 8064K, reserved 1048576K
Event: 1340.260 GC heap after
Heap after GC invocations=25 (full 6):
 PSYoungGen      total 269312K, used 14843K [0x00000000e0000000, 0x00000000f5280000, 0x0000000100000000)
  eden space 244736K, 0% used [0x00000000e0000000,0x00000000e0000000,0x00000000eef00000)
  from space 24576K, 60% used [0x00000000eef00000,0x00000000efd7ee30,0x00000000f0700000)
  to   space 25088K, 0% used [0x00000000f3a00000,0x00000000f3a00000,0x00000000f5280000)
 ParOldGen       total 113664K, used 34602K [0x00000000a0000000, 0x00000000a6f00000, 0x00000000e0000000)
  object space 113664K, 30% used [0x00000000a0000000,0x00000000a21cab68,0x00000000a6f00000)
 Metaspace       used 60831K, capacity 62764K, committed 62848K, reserved 1103872K
  class space    used 7712K, capacity 8062K, committed 8064K, reserved 1048576K
}

