# JRE version: OpenJDK Runtime Environment (8.0_76-b03) (build 1.8.0_76-release-b03)
# Java VM: OpenJDK 64-Bit Server VM (25.76-b03 mixed mode windows-amd64 compressed oops)
Heap:
 PSYoungGen      total 436224K, used 186115K [0x00000000e0000000, 0x00000000ffd80000, 0x0000000100000000)
  eden space 372736K, 48% used [0x00000000e0000000,0x00000000eb08ce98,0x00000000f6c00000)
  from space 63488K, 8% used [0x00000000f6c00000,0x00000000f7134010,0x00000000faa00000)
  to   space 61440K, 0% used [0x00000000fc180000,0x00000000fc180000,0x00000000ffd80000)
 ParOldGen       total 202752K, used 57435K [0x00000000a0000000, 0x00000000ac600000, 0x00000000e0000000)
  object space 202752K, 28% used [0x00000000a0000000,0x00000000a3816fa0,0x00000000ac600000)
 Metaspace       used 73691K, capacity 77534K, committed 77744K, reserved 1116160K
  class space    used 9422K, capacity 10115K, committed 10160K, reserved 1048576K
GC Heap History (10 events):
Event: 539.776 GC heap before
{Heap before GC invocations=40 (full 7):
 PSYoungGen      total 379904K, used 1688K [0x00000000e0000000, 0x00000000fb400000, 0x0000000100000000)
  eden space 314368K, 0% used [0x00000000e0000000,0x00000000e0000000,0x00000000f3300000)
  from space 65536K, 2% used [0x00000000f7400000,0x00000000f75a6220,0x00000000fb400000)
  to   space 66048K, 0% used [0x00000000f3300000,0x00000000f3300000,0x00000000f7380000)
 ParOldGen       total 202752K, used 53479K [0x00000000a0000000, 0x00000000ac600000, 0x00000000e0000000)
  object space 202752K, 26% used [0x00000000a0000000,0x00000000a3439f20,0x00000000ac600000)
 Metaspace       used 71981K, capacity 74992K, committed 75184K, reserved 1114112K
  class space    used 9238K, capacity 9853K, committed 9904K, reserved 1048576K
Event: 540.252 GC heap after
Heap after GC invocations=40 (full 7):
 PSYoungGen      total 379904K, used 0K [0x00000000e0000000, 0x00000000fb400000, 0x0000000100000000)
  eden space 314368K, 0% used [0x00000000e0000000,0x00000000e0000000,0x00000000f3300000)
  from space 65536K, 0% used [0x00000000f7400000,0x00000000f7400000,0x00000000fb400000)
  to   space 66048K, 0% used [0x00000000f3300000,0x00000000f3300000,0x00000000f7380000)
 ParOldGen       total 202752K, used 54528K [0x00000000a0000000, 0x00000000ac600000, 0x00000000e0000000)
  object space 202752K, 26% used [0x00000000a0000000,0x00000000a35401d0,0x00000000ac600000)
 Metaspace       used 71981K, capacity 74992K, committed 75184K, reserved 1114112K
  class space    used 9238K, capacity 9853K, committed 9904K, reserved 1048576K
}
Event: 678.240 GC heap before
{Heap before GC invocations=41 (full 7):
 PSYoungGen      total 379904K, used 314368K [0x00000000e0000000, 0x00000000fb400000, 0x0000000100000000)
  eden space 314368K, 100% used [0x00000000e0000000,0x00000000f3300000,0x00000000f3300000)
  from space 65536K, 0% used [0x00000000f7400000,0x00000000f7400000,0x00000000fb400000)
  to   space 66048K, 0% used [0x00000000f3300000,0x00000000f3300000,0x00000000f7380000)
 ParOldGen       total 202752K, used 54528K [0x00000000a0000000, 0x00000000ac600000, 0x00000000e0000000)
  object space 202752K, 26% used [0x00000000a0000000,0x00000000a35401d0,0x00000000ac600000)
 Metaspace       used 72435K, capacity 75734K, committed 76080K, reserved 1116160K
  class space    used 9293K, capacity 9940K, committed 10032K, reserved 1048576K
Event: 678.264 GC heap after
Heap after GC invocations=41 (full 7):
 PSYoungGen      total 380416K, used 3825K [0x00000000e0000000, 0x00000000feb00000, 0x0000000100000000)
  eden space 314368K, 0% used [0x00000000e0000000,0x00000000e0000000,0x00000000f3300000)
  from space 66048K, 5% used [0x00000000f3300000,0x00000000f36bc440,0x00000000f7380000)
  to   space 65024K, 0% used [0x00000000fab80000,0x00000000fab80000,0x00000000feb00000)
 ParOldGen       total 202752K, used 54536K [0x00000000a0000000, 0x00000000ac600000, 0x00000000e0000000)
  object space 202752K, 26% used [0x00000000a0000000,0x00000000a35421d0,0x00000000ac600000)
 Metaspace       used 72435K, capacity 75734K, committed 76080K, reserved 1116160K
  class space    used 9293K, capacity 9940K, committed 10032K, reserved 1048576K
}
Event: 683.157 GC heap before
{Heap before GC invocations=42 (full 7):
 PSYoungGen      total 380416K, used 247251K [0x00000000e0000000, 0x00000000feb00000, 0x0000000100000000)
  eden space 314368K, 77% used [0x00000000e0000000,0x00000000eedb89e0,0x00000000f3300000)
  from space 66048K, 5% used [0x00000000f3300000,0x00000000f36bc440,0x00000000f7380000)
  to   space 65024K, 0% used [0x00000000fab80000,0x00000000fab80000,0x00000000feb00000)
 ParOldGen       total 202752K, used 54536K [0x00000000a0000000, 0x00000000ac600000, 0x00000000e0000000)
  object space 202752K, 26% used [0x00000000a0000000,0x00000000a35421d0,0x00000000ac600000)
 Metaspace       used 72819K, capacity 76282K, committed 76336K, reserved 1116160K
  class space    used 9324K, capacity 10008K, committed 10032K, reserved 1048576K
Event: 683.166 GC heap after
Heap after GC invocations=42 (full 7):
 PSYoungGen      total 434688K, used 3777K [0x00000000e0000000, 0x00000000fe800000, 0x0000000100000000)
  eden space 372736K, 0% used [0x00000000e0000000,0x00000000e0000000,0x00000000f6c00000)
  from space 61952K, 6% used [0x00000000fab80000,0x00000000faf30458,0x00000000fe800000)
  to   space 63488K, 0% used [0x00000000f6c00000,0x00000000f6c00000,0x00000000faa00000)
 ParOldGen       total 202752K, used 55396K [0x00000000a0000000, 0x00000000ac600000, 0x00000000e0000000)
  object space 202752K, 27% used [0x00000000a0000000,0x00000000a3619290,0x00000000ac600000)
 Metaspace       used 72819K, capacity 76282K, committed 76336K, reserved 1116160K
  class space    used 9324K, capacity 10008K, committed 10032K, reserved 1048576K
}
Event: 683.166 GC heap before
{Heap before GC invocations=43 (full 8):
 PSYoungGen      total 434688K, used 3777K [0x00000000e0000000, 0x00000000fe800000, 0x0000000100000000)
  eden space 372736K, 0% used [0x00000000e0000000,0x00000000e0000000,0x00000000f6c00000)
  from space 61952K, 6% used [0x00000000fab80000,0x00000000faf30458,0x00000000fe800000)
  to   space 63488K, 0% used [0x00000000f6c00000,0x00000000f6c00000,0x00000000faa00000)
 ParOldGen       total 202752K, used 55396K [0x00000000a0000000, 0x00000000ac600000, 0x00000000e0000000)
  object space 202752K, 27% used [0x00000000a0000000,0x00000000a3619290,0x00000000ac600000)
 Metaspace       used 72819K, capacity 76282K, committed 76336K, reserved 1116160K
  class space    used 9324K, capacity 10008K, committed 10032K, reserved 1048576K
Event: 683.758 GC heap after
Heap after GC invocations=43 (full 8):
 PSYoungGen      total 434688K, used 0K [0x00000000e0000000, 0x00000000fe800000, 0x0000000100000000)
  eden space 372736K, 0% used [0x00000000e0000000,0x00000000e0000000,0x00000000f6c00000)
  from space 61952K, 0% used [0x00000000fab80000,0x00000000fab80000,0x00000000fe800000)
  to   space 63488K, 0% used [0x00000000f6c00000,0x00000000f6c00000,0x00000000faa00000)
 ParOldGen       total 202752K, used 57427K [0x00000000a0000000, 0x00000000ac600000, 0x00000000e0000000)
  object space 202752K, 28% used [0x00000000a0000000,0x00000000a3814fa0,0x00000000ac600000)
 Metaspace       used 72819K, capacity 76282K, committed 76336K, reserved 1116160K
  class space    used 9324K, capacity 10008K, committed 10032K, reserved 1048576K
}
Event: 1565.655 GC heap before
{Heap before GC invocations=44 (full 8):
 PSYoungGen      total 434688K, used 372736K [0x00000000e0000000, 0x00000000fe800000, 0x0000000100000000)
  eden space 372736K, 100% used [0x00000000e0000000,0x00000000f6c00000,0x00000000f6c00000)
  from space 61952K, 0% used [0x00000000fab80000,0x00000000fab80000,0x00000000fe800000)
  to   space 63488K, 0% used [0x00000000f6c00000,0x00000000f6c00000,0x00000000faa00000)
 ParOldGen       total 202752K, used 57427K [0x00000000a0000000, 0x00000000ac600000, 0x00000000e0000000)
  object space 202752K, 28% used [0x00000000a0000000,0x00000000a3814fa0,0x00000000ac600000)
 Metaspace       used 73539K, capacity 77460K, committed 77744K, reserved 1116160K
  class space    used 9412K, capacity 10114K, committed 10160K, reserved 1048576K
Event: 1565.836 GC heap after
Heap after GC invocations=44 (full 8):
 PSYoungGen      total 436224K, used 5328K [0x00000000e0000000, 0x00000000ffd80000, 0x0000000100000000)
  eden space 372736K, 0% used [0x00000000e0000000,0x00000000e0000000,0x00000000f6c00000)
  from space 63488K, 8% used [0x00000000f6c00000,0x00000000f7134010,0x00000000faa00000)
  to   space 61440K, 0% used [0x00000000fc180000,0x00000000fc180000,0x00000000ffd80000)
 ParOldGen       total 202752K, used 57435K [0x00000000a0000000, 0x00000000ac600000, 0x00000000e0000000)
  object space 202752K, 28% used [0x00000000a0000000,0x00000000a3816fa0,0x00000000ac600000)
 Metaspace       used 73539K, capacity 77460K, committed 77744K, reserved 1116160K
  class space    used 9412K, capacity 10114K, committed 10160K, reserved 1048576K
}

